[debug] [2024-11-04T17:58:11.656Z] ----------------------------------------------------------------------
[debug] [2024-11-04T17:58:11.657Z] Command:       /usr/bin/node /usr/local/bin/firebase init
[debug] [2024-11-04T17:58:11.658Z] CLI Version:   13.24.0
[debug] [2024-11-04T17:58:11.658Z] Platform:      linux
[debug] [2024-11-04T17:58:11.658Z] Node Version:  v18.19.1
[debug] [2024-11-04T17:58:11.658Z] Time:          Mon Nov 04 2024 23:28:11 GMT+0530 (India Standard Time)
[debug] [2024-11-04T17:58:11.658Z] ----------------------------------------------------------------------
[debug] 
[debug] [2024-11-04T17:58:11.661Z] > command requires scopes: ["email","openid","https://www.googleapis.com/auth/cloudplatformprojects.readonly","https://www.googleapis.com/auth/firebase","https://www.googleapis.com/auth/cloud-platform"]
[debug] [2024-11-04T17:58:11.661Z] > authorizing via signed-in user (vasusudhan123@gmail.com)
[info] 
     ######## #### ########  ######## ########     ###     ######  ########
     ##        ##  ##     ## ##       ##     ##  ##   ##  ##       ##
     ######    ##  ########  ######   ########  #########  ######  ######
     ##        ##  ##    ##  ##       ##     ## ##     ##       ## ##
     ##       #### ##     ## ######## ########  ##     ##  ######  ########

You're about to initialize a Firebase project in this directory:

  /home/madtitan1712/Programming/REACT/movieholix

Before we get started, keep in mind:

  * You are currently outside your home directory

[info] 
=== Project Setup
[info] 
[info] First, let's associate this project directory with a Firebase project.
[info] You can create multiple project aliases by running firebase use --add, 
[info] but for now we'll just set up a default project.
[info] 
[info] i  If you want to create a project in a Google Cloud organization or folder, please use "firebase projects:create" instead, and return to this command when you've created the project. 
[debug] [2024-11-04T17:58:23.335Z] Checked if tokens are valid: true, expires at: 1730746683404
[debug] [2024-11-04T17:58:23.336Z] Checked if tokens are valid: true, expires at: 1730746683404
[debug] [2024-11-04T17:58:23.336Z] >>> [apiv2][query] POST https://cloudresourcemanager.googleapis.com/v1/projects [none]
[debug] [2024-11-04T17:58:23.336Z] >>> [apiv2][body] POST https://cloudresourcemanager.googleapis.com/v1/projects {"projectId":"Movieholix","name":"Movieholix"}
[debug] [2024-11-04T17:58:24.887Z] <<< [apiv2][status] POST https://cloudresourcemanager.googleapis.com/v1/projects 400
[debug] [2024-11-04T17:58:24.887Z] <<< [apiv2][body] POST https://cloudresourcemanager.googleapis.com/v1/projects {"error":{"code":400,"message":"field [project_id] has issue [project_id contains invalid characters]","status":"INVALID_ARGUMENT","details":[{"@type":"type.googleapis.com/google.rpc.BadRequest","fieldViolations":[{"field":"project_id","description":"project_id contains invalid characters"}]},{"@type":"type.googleapis.com/google.rpc.Help","links":[{"url":"https://cloud.google.com/resource-manager/reference/rest/v1/projects"}]}]}}
[debug] [2024-11-04T17:58:25.123Z] FirebaseError: Request to https://cloudresourcemanager.googleapis.com/v1/projects had HTTP Error: 400, field [project_id] has issue [project_id contains invalid characters]
    at responseToError (/usr/local/lib/node_modules/firebase-tools/lib/responseToError.js:52:12)
    at RetryOperation._fn (/usr/local/lib/node_modules/firebase-tools/lib/apiv2.js:312:77)
    at process.processTicksAndRejections (node:internal/process/task_queues:95:5)
[error] 
[error] Error: Failed to create project. See firebase-debug.log for more info.
